Using pre-set license
Built from '2022.3/staging' branch; Version is '2022.3.51f1 (9f9d16c45e54) revision 10460438'; Using compiler version '192829333'; Build Type 'Release'
OS: 'Windows 10  (10.0.19045) 64bit Professional' Language: 'pt' Physical Memory: 4030 MB
BatchMode: 1, IsHumanControllingUs: 0, StartBugReporterOnCrash: 0, Is64bit: 1, IsPro: 1

COMMAND LINE ARGUMENTS:
C:\Program Files\Unity\Hub\Editor\2022.3.51f1\Editor\Unity.exe
-adb2
-batchMode
-noUpm
-name
AssetImportWorker0
-projectPath
C:/Users/Igor Mattos/Platform_game
-logFile
Logs/AssetImportWorker0.log
-srvPort
55734
Successfully changed project path to: C:/Users/Igor Mattos/Platform_game
C:/Users/Igor Mattos/Platform_game
[UnityMemory] Configuration Parameters - Can be set up in boot.config
    "memorysetup-bucket-allocator-granularity=16"
    "memorysetup-bucket-allocator-bucket-count=8"
    "memorysetup-bucket-allocator-block-size=33554432"
    "memorysetup-bucket-allocator-block-count=8"
    "memorysetup-main-allocator-block-size=16777216"
    "memorysetup-thread-allocator-block-size=16777216"
    "memorysetup-gfx-main-allocator-block-size=16777216"
    "memorysetup-gfx-thread-allocator-block-size=16777216"
    "memorysetup-cache-allocator-block-size=4194304"
    "memorysetup-typetree-allocator-block-size=2097152"
    "memorysetup-profiler-bucket-allocator-granularity=16"
    "memorysetup-profiler-bucket-allocator-bucket-count=8"
    "memorysetup-profiler-bucket-allocator-block-size=33554432"
    "memorysetup-profiler-bucket-allocator-block-count=8"
    "memorysetup-profiler-allocator-block-size=16777216"
    "memorysetup-profiler-editor-allocator-block-size=1048576"
    "memorysetup-temp-allocator-size-main=16777216"
    "memorysetup-job-temp-allocator-block-size=2097152"
    "memorysetup-job-temp-allocator-block-size-background=1048576"
    "memorysetup-job-temp-allocator-reduction-small-platforms=262144"
    "memorysetup-allocator-temp-initial-block-size-main=262144"
    "memorysetup-allocator-temp-initial-block-size-worker=262144"
    "memorysetup-temp-allocator-size-background-worker=32768"
    "memorysetup-temp-allocator-size-job-worker=262144"
    "memorysetup-temp-allocator-size-preload-manager=33554432"
    "memorysetup-temp-allocator-size-nav-mesh-worker=65536"
    "memorysetup-temp-allocator-size-audio-worker=65536"
    "memorysetup-temp-allocator-size-cloud-worker=32768"
    "memorysetup-temp-allocator-size-gi-baking-worker=262144"
    "memorysetup-temp-allocator-size-gfx=262144"
Player connection [5384]  Target information:

Player connection [5384]  * "[IP] 192.168.56.1 [Port] 0 [Flags] 2 [Guid] 2797841389 [EditorId] 2797841389 [Version] 1048832 [Id] WindowsEditor(7,DESKTOP-G6N8L68) [Debug] 1 [PackageName] WindowsEditor [ProjectName] Editor" 

Player connection [5384]  * "[IP] 192.168.18.14 [Port] 0 [Flags] 2 [Guid] 2797841389 [EditorId] 2797841389 [Version] 1048832 [Id] WindowsEditor(7,DESKTOP-G6N8L68) [Debug] 1 [PackageName] WindowsEditor [ProjectName] Editor" 

Player connection [5384] Host joined multi-casting on [225.0.0.222:54997]...
Player connection [5384] Host joined alternative multi-casting on [225.0.0.222:34997]...
[PhysX] Initialized MultithreadedTaskDispatcher with 4 workers.
Refreshing native plugins compatible for Editor in 4873.78 ms, found 4 plugins.
Preloading 0 native plugins for Editor in 0.00 ms.
Initialize engine version: 2022.3.51f1 (9f9d16c45e54)
[Subsystems] Discovering subsystems at path C:/Program Files/Unity/Hub/Editor/2022.3.51f1/Editor/Data/Resources/UnitySubsystems
[Subsystems] Discovering subsystems at path C:/Users/Igor Mattos/Platform_game/Assets
GfxDevice: creating device client; threaded=0; jobified=0
Direct3D:
    Version:  Direct3D 11.0 [level 11.1]
    Renderer: Intel(R) HD Graphics Family (ID=0xa16)
    Vendor:   Intel
    VRAM:     2015 MB
    Driver:   20.19.15.4531
Initialize mono
Mono path[0] = 'C:/Program Files/Unity/Hub/Editor/2022.3.51f1/Editor/Data/Managed'
Mono path[1] = 'C:/Program Files/Unity/Hub/Editor/2022.3.51f1/Editor/Data/MonoBleedingEdge/lib/mono/unityjit-win32'
Mono config path = 'C:/Program Files/Unity/Hub/Editor/2022.3.51f1/Editor/Data/MonoBleedingEdge/etc'
Using monoOptions --debugger-agent=transport=dt_socket,embedding=1,server=y,suspend=n,address=127.0.0.1:56644
Begin MonoManager ReloadAssembly
Registering precompiled unity dll's ...
Register platform support module: C:/Program Files/Unity/Hub/Editor/2022.3.51f1/Editor/Data/PlaybackEngines/WindowsStandaloneSupport/UnityEditor.WindowsStandalone.Extensions.dll
Registered in 0.335354 seconds.
- Loaded All Assemblies, in 35.326 seconds
Native extension for WindowsStandalone target not found
Mono: successfully reloaded assembly
- Finished resetting the current domain, in  8.211 seconds
Domain Reload Profiling: 43520ms
	BeginReloadAssembly (8339ms)
		ExecutionOrderSort (0ms)
		DisableScriptedObjects (0ms)
		BackupInstance (0ms)
		ReleaseScriptingObjects (0ms)
		CreateAndSetChildDomain (216ms)
	RebuildCommonClasses (1538ms)
	RebuildNativeTypeToScriptingClass (139ms)
	initialDomainReloadingComplete (1276ms)
	LoadAllAssembliesAndSetupDomain (24013ms)
		LoadAssemblies (7816ms)
		RebuildTransferFunctionScriptingTraits (0ms)
		AnalyzeDomain (23860ms)
			TypeCache.Refresh (23853ms)
				TypeCache.ScanAssembly (22633ms)
			ScanForSourceGeneratedMonoScriptInfo (1ms)
			ResolveRequiredComponents (4ms)
	FinalizeReload (8215ms)
		ReleaseScriptCaches (0ms)
		RebuildScriptCaches (0ms)
		SetupLoadedEditorAssemblies (7896ms)
			LogAssemblyErrors (0ms)
			InitializePlatformSupportModulesInManaged (256ms)
			SetLoadedEditorAssemblies (79ms)
			RefreshPlugins (0ms)
			BeforeProcessingInitializeOnLoad (57ms)
			ProcessInitializeOnLoadAttributes (3359ms)
			ProcessInitializeOnLoadMethodAttributes (4054ms)
			AfterProcessingInitializeOnLoad (0ms)
			EditorAssembliesLoaded (91ms)
		ExecutionOrderSort2 (0ms)
		AwakeInstancesAfterBackupRestoration (0ms)
========================================================================
Worker process is ready to serve import requests
Caller must complete domain reload
Begin MonoManager ReloadAssembly
- Loaded All Assemblies, in 36.423 seconds
Native extension for WindowsStandalone target not found
Mono: successfully reloaded assembly
- Finished resetting the current domain, in 22.713 seconds
Domain Reload Profiling: 57944ms
	BeginReloadAssembly (6429ms)
		ExecutionOrderSort (0ms)
		DisableScriptedObjects (23ms)
		BackupInstance (0ms)
		ReleaseScriptingObjects (0ms)
		CreateAndSetChildDomain (975ms)
	RebuildCommonClasses (984ms)
	RebuildNativeTypeToScriptingClass (398ms)
	initialDomainReloadingComplete (4102ms)
	LoadAllAssembliesAndSetupDomain (23317ms)
		LoadAssemblies (21943ms)
		RebuildTransferFunctionScriptingTraits (0ms)
		AnalyzeDomain (5607ms)
			TypeCache.Refresh (5267ms)
				TypeCache.ScanAssembly (5033ms)
			ScanForSourceGeneratedMonoScriptInfo (221ms)
			ResolveRequiredComponents (111ms)
	FinalizeReload (22714ms)
		ReleaseScriptCaches (0ms)
		RebuildScriptCaches (0ms)
		SetupLoadedEditorAssemblies (20042ms)
			LogAssemblyErrors (0ms)
			InitializePlatformSupportModulesInManaged (142ms)
			SetLoadedEditorAssemblies (41ms)
			RefreshPlugins (0ms)
			BeforeProcessingInitializeOnLoad (1087ms)
			ProcessInitializeOnLoadAttributes (17318ms)
			ProcessInitializeOnLoadMethodAttributes (1213ms)
			AfterProcessingInitializeOnLoad (238ms)
			EditorAssembliesLoaded (1ms)
		ExecutionOrderSort2 (0ms)
		AwakeInstancesAfterBackupRestoration (290ms)
Launched and connected shader compiler UnityShaderCompiler.exe after 3.05 seconds
Refreshing native plugins compatible for Editor in 512.48 ms, found 4 plugins.
Preloading 0 native plugins for Editor in 0.00 ms.
Unloading 3973 Unused Serialized files (Serialized files now loaded: 0)
Unloading 38 unused Assets / (241.5 KB). Loaded Objects now: 4437.
Memory consumption went from 142.1 MB to 141.9 MB.
Total: 349.125900 ms (FindLiveObjects: 16.330900 ms CreateObjectMapping: 62.928900 ms MarkObjects: 234.397300 ms  DeleteObjects: 35.466000 ms)

AssetImportParameters requested are different than current active one (requested -> active):
  custom:container-demuxer-ogg: 62fdf1f143b41e24485cea50d1cbac27 -> 
  custom:video-decoder-ogg-theora: a1e56fd34408186e4bbccfd4996cb3dc -> 
  custom:framework-win-MediaFoundation: 216162199b28c13a410421893ffa2e32 -> 
  custom:CustomObjectIndexerAttribute: 9a22284fe3817be447336de3de66b15e -> 
  custom:container-demuxer-webm: 4f35f7cbe854078d1ac9338744f61a02 -> 
  custom:container-muxer-webm: aa71ff27fc2769a1b78a27578f13a17b -> 
  custom:video-decoder-webm-vp8: 9c59270c3fd7afecdb556c50c9e8de78 -> 
  custom:SearchIndexIgnoredProperties: e643bd26f0fe6173181afceb89e7c659 -> 
  custom:AudioImporter_EditorPlatform: d09bf68614088b80899f8185d706f6e7 -> 
  custom:video-encoder-webm-vp8: eb34c28f22e8b96e1ab97ce403110664 -> 
  custom:audio-decoder-ogg-vorbis: bf7c407c2cedff20999df2af8eb42d56 -> 
  custom:audio-encoder-webm-vorbis: bf7c407c2cedff20999df2af8eb42d56 -> 
========================================================================
Received Import Request.
  Time since last request: 146966.198246 seconds.
  path: Assets/Sounds/xDeviruchi - And The Journey Begins .wav
  artifactKey: Guid(bf64c14664dc7b04a88aad102491b519) Importer(815301076,1909f56bfc062723c751e8b465ee728b)
Start importing Assets/Sounds/xDeviruchi - And The Journey Begins .wav using Guid(bf64c14664dc7b04a88aad102491b519) Importer(815301076,1909f56bfc062723c751e8b465ee728b) [PhysX] Initialized MultithreadedTaskDispatcher with 4 workers.
[PhysX] Initialized MultithreadedTaskDispatcher with 4 workers.
 -> (artifact id: '4675aa5bd2ce8803b228c1314b1155de') in 5.821741 seconds
Number of updated asset objects reloaded before import = 0
Number of asset objects unloaded after import = 2
========================================================================
Received Import Request.
  Time since last request: 0.078154 seconds.
  path: Assets/Sounds/xDeviruchi - Title Theme .wav
  artifactKey: Guid(439f2690b5d88fd4d92af8e61c8ef355) Importer(815301076,1909f56bfc062723c751e8b465ee728b)
Start importing Assets/Sounds/xDeviruchi - Title Theme .wav using Guid(439f2690b5d88fd4d92af8e61c8ef355) Importer(815301076,1909f56bfc062723c751e8b465ee728b) [PhysX] Initialized MultithreadedTaskDispatcher with 4 workers.
[PhysX] Initialized MultithreadedTaskDispatcher with 4 workers.
 -> (artifact id: 'a21e581fab09db07be8725384fde40b6') in 0.815788 seconds
Number of updated asset objects reloaded before import = 0
Number of asset objects unloaded after import = 2
========================================================================
Received Import Request.
  Time since last request: 531.861221 seconds.
  path: Assets/Scenes/Menu.unity
  artifactKey: Guid(6633e328385c3e441817ee62b4ed5e66) Importer(815301076,1909f56bfc062723c751e8b465ee728b)
Start importing Assets/Scenes/Menu.unity using Guid(6633e328385c3e441817ee62b4ed5e66) Importer(815301076,1909f56bfc062723c751e8b465ee728b) [PhysX] Initialized MultithreadedTaskDispatcher with 4 workers.
 -> (artifact id: '52d22a7d8cf73c236cbabe43321069a0') in 0.172412 seconds
Number of updated asset objects reloaded before import = 0
Number of asset objects unloaded after import = 0
========================================================================
Received Import Request.
  Time since last request: 138.559752 seconds.
  path: Assets/Scenes/Level1.unity
  artifactKey: Guid(852b2b47acad72c43b2a443e7943a236) Importer(815301076,1909f56bfc062723c751e8b465ee728b)
Start importing Assets/Scenes/Level1.unity using Guid(852b2b47acad72c43b2a443e7943a236) Importer(815301076,1909f56bfc062723c751e8b465ee728b) [PhysX] Initialized MultithreadedTaskDispatcher with 4 workers.
 -> (artifact id: '386a19403af7d34d636bdf056bc9dc8f') in 0.023356 seconds
Number of updated asset objects reloaded before import = 0
Number of asset objects unloaded after import = 0
========================================================================
Received Import Request.
  Time since last request: 914.123001 seconds.
  path: Assets/Material
  artifactKey: Guid(24f2391fa3b1cc643a27f652dc213a02) Importer(815301076,1909f56bfc062723c751e8b465ee728b)
Start importing Assets/Material using Guid(24f2391fa3b1cc643a27f652dc213a02) Importer(815301076,1909f56bfc062723c751e8b465ee728b) [PhysX] Initialized MultithreadedTaskDispatcher with 4 workers.
 -> (artifact id: '13cdcfe0f6c9dad363d37914bb6268ca') in 0.247627 seconds
Number of updated asset objects reloaded before import = 0
Number of asset objects unloaded after import = 0
========================================================================
Received Import Request.
  Time since last request: 23.913788 seconds.
  path: Assets/Materials
  artifactKey: Guid(24f2391fa3b1cc643a27f652dc213a02) Importer(815301076,1909f56bfc062723c751e8b465ee728b)
Start importing Assets/Materials using Guid(24f2391fa3b1cc643a27f652dc213a02) Importer(815301076,1909f56bfc062723c751e8b465ee728b) [PhysX] Initialized MultithreadedTaskDispatcher with 4 workers.
 -> (artifact id: '9665857ea3b4e108b0c8e62603df04a6') in 0.292662 seconds
Number of updated asset objects reloaded before import = 0
Number of asset objects unloaded after import = 0
========================================================================
Received Import Request.
  Time since last request: 24.151638 seconds.
  path: Assets/Materials/New Physics Material 2D.physicsMaterial2D
  artifactKey: Guid(61fe4371add56c94ca096a3ffe6bd224) Importer(815301076,1909f56bfc062723c751e8b465ee728b)
Start importing Assets/Materials/New Physics Material 2D.physicsMaterial2D using Guid(61fe4371add56c94ca096a3ffe6bd224) Importer(815301076,1909f56bfc062723c751e8b465ee728b) [PhysX] Initialized MultithreadedTaskDispatcher with 4 workers.
 -> (artifact id: '9b46018d06340e8362aa5b162cf389e0') in 9.555400 seconds
Number of updated asset objects reloaded before import = 0
Number of asset objects unloaded after import = 1
========================================================================
Received Import Request.
  Time since last request: 10.861924 seconds.
  path: Assets/Materials/NoCollision.physicsMaterial2D
  artifactKey: Guid(61fe4371add56c94ca096a3ffe6bd224) Importer(815301076,1909f56bfc062723c751e8b465ee728b)
Start importing Assets/Materials/NoCollision.physicsMaterial2D using Guid(61fe4371add56c94ca096a3ffe6bd224) Importer(815301076,1909f56bfc062723c751e8b465ee728b) [PhysX] Initialized MultithreadedTaskDispatcher with 4 workers.
 -> (artifact id: '43c8a1a71e017d9765e8c75dfcea2f87') in 0.156710 seconds
Number of updated asset objects reloaded before import = 0
Number of asset objects unloaded after import = 1
========================================================================
Received Import Request.
  Time since last request: 32.233377 seconds.
  path: Assets/Materials/NoCollision.physicsMaterial2D
  artifactKey: Guid(61fe4371add56c94ca096a3ffe6bd224) Importer(815301076,1909f56bfc062723c751e8b465ee728b)
Start importing Assets/Materials/NoCollision.physicsMaterial2D using Guid(61fe4371add56c94ca096a3ffe6bd224) Importer(815301076,1909f56bfc062723c751e8b465ee728b) [PhysX] Initialized MultithreadedTaskDispatcher with 4 workers.
 -> (artifact id: '95a72ade23c0097c053ad32e210e46b3') in 0.122242 seconds
Number of updated asset objects reloaded before import = 0
Number of asset objects unloaded after import = 1
========================================================================
Received Prepare
Caller must complete domain reload
Begin MonoManager ReloadAssembly
- Loaded All Assemblies, in 219.251 seconds
Native extension for WindowsStandalone target not found
Mono: successfully reloaded assembly
- Finished resetting the current domain, in  4.616 seconds
Domain Reload Profiling: 223857ms
	BeginReloadAssembly (202677ms)
		ExecutionOrderSort (0ms)
		DisableScriptedObjects (189661ms)
		BackupInstance (0ms)
		ReleaseScriptingObjects (135ms)
		CreateAndSetChildDomain (5370ms)
	RebuildCommonClasses (202ms)
	RebuildNativeTypeToScriptingClass (102ms)
	initialDomainReloadingComplete (697ms)
	LoadAllAssembliesAndSetupDomain (15562ms)
		LoadAssemblies (18535ms)
		RebuildTransferFunctionScriptingTraits (0ms)
		AnalyzeDomain (705ms)
			TypeCache.Refresh (548ms)
				TypeCache.ScanAssembly (26ms)
			ScanForSourceGeneratedMonoScriptInfo (77ms)
			ResolveRequiredComponents (78ms)
	FinalizeReload (4617ms)
		ReleaseScriptCaches (0ms)
		RebuildScriptCaches (0ms)
		SetupLoadedEditorAssemblies (3475ms)
			LogAssemblyErrors (0ms)
			InitializePlatformSupportModulesInManaged (109ms)
			SetLoadedEditorAssemblies (68ms)
			RefreshPlugins (0ms)
			BeforeProcessingInitializeOnLoad (587ms)
			ProcessInitializeOnLoadAttributes (2481ms)
			ProcessInitializeOnLoadMethodAttributes (200ms)
			AfterProcessingInitializeOnLoad (29ms)
			EditorAssembliesLoaded (1ms)
		ExecutionOrderSort2 (0ms)
		AwakeInstancesAfterBackupRestoration (110ms)
Refreshing native plugins compatible for Editor in 232.57 ms, found 4 plugins.
Preloading 0 native plugins for Editor in 0.00 ms.
Unloading 3954 Unused Serialized files (Serialized files now loaded: 0)
Unloading 25 unused Assets / (213.6 KB). Loaded Objects now: 4452.
Memory consumption went from 142.6 MB to 142.4 MB.
Total: 324.076300 ms (FindLiveObjects: 0.956700 ms CreateObjectMapping: 0.499500 ms MarkObjects: 317.638900 ms  DeleteObjects: 4.978200 ms)

Prepare: number of updated asset objects reloaded= 0
AssetImportParameters requested are different than current active one (requested -> active):
  custom:container-demuxer-ogg: 62fdf1f143b41e24485cea50d1cbac27 -> 
  custom:video-decoder-ogg-theora: a1e56fd34408186e4bbccfd4996cb3dc -> 
  custom:framework-win-MediaFoundation: 216162199b28c13a410421893ffa2e32 -> 
  custom:CustomObjectIndexerAttribute: 9a22284fe3817be447336de3de66b15e -> 
  custom:container-demuxer-webm: 4f35f7cbe854078d1ac9338744f61a02 -> 
  custom:container-muxer-webm: aa71ff27fc2769a1b78a27578f13a17b -> 
  custom:video-decoder-webm-vp8: 9c59270c3fd7afecdb556c50c9e8de78 -> 
  custom:SearchIndexIgnoredProperties: e643bd26f0fe6173181afceb89e7c659 -> 
  custom:AudioImporter_EditorPlatform: d09bf68614088b80899f8185d706f6e7 -> 
  custom:video-encoder-webm-vp8: eb34c28f22e8b96e1ab97ce403110664 -> 
  custom:audio-decoder-ogg-vorbis: bf7c407c2cedff20999df2af8eb42d56 -> 
  custom:audio-encoder-webm-vorbis: bf7c407c2cedff20999df2af8eb42d56 -> 
TcpMessagingSession - receive error
AssetImportWorkerClient::OnTransportError - code=10054 error=Foi forçado o cancelamento de uma conexão existente pelo host remoto.
